{"/Users/Yahia/Documents/Github/Projects/week3-littleFACt/Public/logic.js":{"path":"/Users/Yahia/Documents/Github/Projects/week3-littleFACt/Public/logic.js","s":{"1":1,"2":0,"3":0,"4":0,"5":0,"6":0,"7":0,"8":0,"9":0,"10":1,"11":0,"12":0,"13":0,"14":0,"15":0,"16":0,"17":0,"18":0,"19":0,"20":0,"21":0,"22":0,"23":0,"24":0,"25":0,"26":0,"27":0,"28":0,"29":0,"30":0,"31":0,"32":0,"33":1,"34":2,"35":2,"36":2,"37":2,"38":2,"39":1,"40":0,"41":0,"42":0,"43":0,"44":0,"45":0,"46":0,"47":0,"48":0,"49":0,"50":0,"51":0,"52":0,"53":0,"54":0,"55":0,"56":0,"57":0,"58":1,"59":1},"b":{"1":[0,0],"2":[0,0,0,0,0,0,0,0],"3":[0,0],"4":[0,0],"5":[0,0],"6":[0,0],"7":[0,0],"8":[0,0],"9":[0,0],"10":[0,0],"11":[1,0]},"f":{"1":0,"2":0,"3":0,"4":0,"5":2,"6":0,"7":0},"fnMap":{"1":{"name":"wikiApi","line":1,"loc":{"start":{"line":1,"column":0},"end":{"line":1,"column":27}}},"2":{"name":"(anonymous_2)","line":5,"loc":{"start":{"line":5,"column":22},"end":{"line":5,"column":34}}},"3":{"name":"wikiExtract","line":15,"loc":{"start":{"line":15,"column":2},"end":{"line":15,"column":25}}},"4":{"name":"(anonymous_4)","line":17,"loc":{"start":{"line":17,"column":29},"end":{"line":17,"column":40}}},"5":{"name":"tflURL","line":52,"loc":{"start":{"line":52,"column":0},"end":{"line":52,"column":29}}},"6":{"name":"tflAPI","line":64,"loc":{"start":{"line":64,"column":0},"end":{"line":64,"column":31}}},"7":{"name":"(anonymous_7)","line":66,"loc":{"start":{"line":66,"column":27},"end":{"line":66,"column":38}}}},"statementMap":{"1":{"start":{"line":1,"column":0},"end":{"line":48,"column":1}},"2":{"start":{"line":2,"column":2},"end":{"line":2,"column":23}},"3":{"start":{"line":4,"column":2},"end":{"line":4,"column":47}},"4":{"start":{"line":5,"column":2},"end":{"line":7,"column":5}},"5":{"start":{"line":6,"column":4},"end":{"line":6,"column":52}},"6":{"start":{"line":8,"column":2},"end":{"line":8,"column":35}},"7":{"start":{"line":10,"column":2},"end":{"line":12,"column":3}},"8":{"start":{"line":11,"column":4},"end":{"line":11,"column":43}},"9":{"start":{"line":13,"column":2},"end":{"line":13,"column":158}},"10":{"start":{"line":15,"column":2},"end":{"line":46,"column":3}},"11":{"start":{"line":16,"column":4},"end":{"line":16,"column":35}},"12":{"start":{"line":17,"column":4},"end":{"line":42,"column":5}},"13":{"start":{"line":18,"column":6},"end":{"line":41,"column":7}},"14":{"start":{"line":20,"column":8},"end":{"line":20,"column":48}},"15":{"start":{"line":21,"column":8},"end":{"line":21,"column":49}},"16":{"start":{"line":22,"column":8},"end":{"line":22,"column":69}},"17":{"start":{"line":23,"column":8},"end":{"line":23,"column":62}},"18":{"start":{"line":24,"column":8},"end":{"line":24,"column":54}},"19":{"start":{"line":26,"column":8},"end":{"line":26,"column":73}},"20":{"start":{"line":27,"column":8},"end":{"line":27,"column":89}},"21":{"start":{"line":28,"column":8},"end":{"line":28,"column":39}},"22":{"start":{"line":30,"column":8},"end":{"line":39,"column":9}},"23":{"start":{"line":31,"column":10},"end":{"line":31,"column":54}},"24":{"start":{"line":32,"column":10},"end":{"line":32,"column":162}},"25":{"start":{"line":33,"column":10},"end":{"line":33,"column":24}},"26":{"start":{"line":34,"column":10},"end":{"line":34,"column":39}},"27":{"start":{"line":35,"column":10},"end":{"line":35,"column":28}},"28":{"start":{"line":36,"column":10},"end":{"line":38,"column":11}},"29":{"start":{"line":37,"column":12},"end":{"line":37,"column":146}},"30":{"start":{"line":44,"column":4},"end":{"line":44,"column":35}},"31":{"start":{"line":45,"column":4},"end":{"line":45,"column":15}},"32":{"start":{"line":47,"column":2},"end":{"line":47,"column":16}},"33":{"start":{"line":52,"column":0},"end":{"line":58,"column":1}},"34":{"start":{"line":53,"column":2},"end":{"line":53,"column":64}},"35":{"start":{"line":54,"column":2},"end":{"line":54,"column":75}},"36":{"start":{"line":55,"column":2},"end":{"line":55,"column":51}},"37":{"start":{"line":56,"column":0},"end":{"line":56,"column":17}},"38":{"start":{"line":57,"column":0},"end":{"line":57,"column":12}},"39":{"start":{"line":64,"column":0},"end":{"line":88,"column":1}},"40":{"start":{"line":65,"column":2},"end":{"line":65,"column":33}},"41":{"start":{"line":66,"column":2},"end":{"line":85,"column":3}},"42":{"start":{"line":67,"column":4},"end":{"line":67,"column":46}},"43":{"start":{"line":68,"column":4},"end":{"line":68,"column":38}},"44":{"start":{"line":69,"column":4},"end":{"line":78,"column":5}},"45":{"start":{"line":70,"column":6},"end":{"line":70,"column":53}},"46":{"start":{"line":71,"column":6},"end":{"line":71,"column":31}},"47":{"start":{"line":72,"column":6},"end":{"line":72,"column":98}},"48":{"start":{"line":73,"column":6},"end":{"line":73,"column":27}},"49":{"start":{"line":74,"column":6},"end":{"line":74,"column":94}},"50":{"start":{"line":75,"column":6},"end":{"line":75,"column":25}},"51":{"start":{"line":77,"column":6},"end":{"line":77,"column":48}},"52":{"start":{"line":80,"column":4},"end":{"line":84,"column":5}},"53":{"start":{"line":81,"column":6},"end":{"line":81,"column":56}},"54":{"start":{"line":82,"column":6},"end":{"line":82,"column":34}},"55":{"start":{"line":83,"column":6},"end":{"line":83,"column":31}},"56":{"start":{"line":86,"column":2},"end":{"line":86,"column":29}},"57":{"start":{"line":87,"column":2},"end":{"line":87,"column":13}},"58":{"start":{"line":138,"column":0},"end":{"line":140,"column":1}},"59":{"start":{"line":139,"column":2},"end":{"line":139,"column":28}}},"branchMap":{"1":{"line":10,"type":"if","locations":[{"start":{"line":10,"column":2},"end":{"line":10,"column":2}},{"start":{"line":10,"column":2},"end":{"line":10,"column":2}}]},"2":{"line":10,"type":"binary-expr","locations":[{"start":{"line":10,"column":6},"end":{"line":10,"column":28}},{"start":{"line":10,"column":32},"end":{"line":10,"column":53}},{"start":{"line":10,"column":57},"end":{"line":10,"column":81}},{"start":{"line":10,"column":85},"end":{"line":10,"column":109}},{"start":{"line":10,"column":113},"end":{"line":10,"column":138}},{"start":{"line":10,"column":142},"end":{"line":10,"column":163}},{"start":{"line":10,"column":167},"end":{"line":10,"column":193}},{"start":{"line":10,"column":197},"end":{"line":10,"column":220}}]},"3":{"line":18,"type":"if","locations":[{"start":{"line":18,"column":6},"end":{"line":18,"column":6}},{"start":{"line":18,"column":6},"end":{"line":18,"column":6}}]},"4":{"line":18,"type":"binary-expr","locations":[{"start":{"line":18,"column":10},"end":{"line":18,"column":29}},{"start":{"line":18,"column":33},"end":{"line":18,"column":50}}]},"5":{"line":30,"type":"if","locations":[{"start":{"line":30,"column":8},"end":{"line":30,"column":8}},{"start":{"line":30,"column":8},"end":{"line":30,"column":8}}]},"6":{"line":36,"type":"if","locations":[{"start":{"line":36,"column":10},"end":{"line":36,"column":10}},{"start":{"line":36,"column":10},"end":{"line":36,"column":10}}]},"7":{"line":69,"type":"if","locations":[{"start":{"line":69,"column":4},"end":{"line":69,"column":4}},{"start":{"line":69,"column":4},"end":{"line":69,"column":4}}]},"8":{"line":69,"type":"binary-expr","locations":[{"start":{"line":69,"column":8},"end":{"line":69,"column":27}},{"start":{"line":69,"column":31},"end":{"line":69,"column":48}}]},"9":{"line":80,"type":"if","locations":[{"start":{"line":80,"column":4},"end":{"line":80,"column":4}},{"start":{"line":80,"column":4},"end":{"line":80,"column":4}}]},"10":{"line":80,"type":"binary-expr","locations":[{"start":{"line":80,"column":8},"end":{"line":80,"column":27}},{"start":{"line":80,"column":31},"end":{"line":80,"column":48}}]},"11":{"line":138,"type":"if","locations":[{"start":{"line":138,"column":0},"end":{"line":138,"column":0}},{"start":{"line":138,"column":0},"end":{"line":138,"column":0}}]}}}}