TN:
SF:/Users/Yahia/Documents/Github/Projects/week3-littleFACt/Public/logic.js
FN:1,wikiApi
FN:5,(anonymous_2)
FN:15,wikiExtract
FN:17,(anonymous_4)
FN:52,tflURL
FN:64,tflAPI
FN:66,(anonymous_7)
FNF:7
FNH:1
FNDA:0,wikiApi
FNDA:0,(anonymous_2)
FNDA:0,wikiExtract
FNDA:0,(anonymous_4)
FNDA:2,tflURL
FNDA:0,tflAPI
FNDA:0,(anonymous_7)
DA:1,1
DA:2,0
DA:4,0
DA:5,0
DA:6,0
DA:8,0
DA:10,0
DA:11,0
DA:13,0
DA:15,1
DA:16,0
DA:17,0
DA:18,0
DA:20,0
DA:21,0
DA:22,0
DA:23,0
DA:24,0
DA:26,0
DA:27,0
DA:28,0
DA:30,0
DA:31,0
DA:32,0
DA:33,0
DA:34,0
DA:35,0
DA:36,0
DA:37,0
DA:44,0
DA:45,0
DA:47,0
DA:52,1
DA:53,2
DA:54,2
DA:55,2
DA:56,2
DA:57,2
DA:64,1
DA:65,0
DA:66,0
DA:67,0
DA:68,0
DA:69,0
DA:70,0
DA:71,0
DA:72,0
DA:73,0
DA:74,0
DA:75,0
DA:77,0
DA:80,0
DA:81,0
DA:82,0
DA:83,0
DA:86,0
DA:87,0
DA:138,1
DA:139,1
LF:59
LH:11
BRDA:10,1,0,0
BRDA:10,1,1,0
BRDA:10,2,0,0
BRDA:10,2,1,0
BRDA:10,2,2,0
BRDA:10,2,3,0
BRDA:10,2,4,0
BRDA:10,2,5,0
BRDA:10,2,6,0
BRDA:10,2,7,0
BRDA:18,3,0,0
BRDA:18,3,1,0
BRDA:18,4,0,0
BRDA:18,4,1,0
BRDA:30,5,0,0
BRDA:30,5,1,0
BRDA:36,6,0,0
BRDA:36,6,1,0
BRDA:69,7,0,0
BRDA:69,7,1,0
BRDA:69,8,0,0
BRDA:69,8,1,0
BRDA:80,9,0,0
BRDA:80,9,1,0
BRDA:80,10,0,0
BRDA:80,10,1,0
BRDA:138,11,0,1
BRDA:138,11,1,0
BRF:28
BRH:1
end_of_record
